ManagerClient [(null)] - OnKeepAliveTimeEventTriggered. connected:Falsethis.wasAlive:False
2024-01-09 23:26:23,287 [8] DEBUG GameManagerClient [(null)] - OnKeepAliveTimeEventTriggered. connected:Falsethis.wasAlive:False
2024-01-09 23:26:23,287 [80] DEBUG GameManagerClient [(null)] - OnKeepAliveTimeEventTriggered. connected:Falsethis.wasAlive:False
2024-01-09 23:26:23,287 [8] DEBUG GameManagerClient [(null)] - OnKeepAliveTimeEventTriggered. connected:Falsethis.wasAlive:False
2024-01-09 23:26:23,287 [80] DEBUG GameManagerClient [(null)] - OnKeepAliveTimeEventTriggered. connected:Falsethis.wasAlive:False
2024-01-09 23:26:23,287 [8] DEBUG GameManagerClient [(null)] - OnKeepAliveTimeEventTriggered. connected:Falsethis.wasAlive:False
2024-01-09 23:26:23,287 [80] DEBUG GameManagerClient [(null)] - OnKeepAliveTimeEventTriggered. connected:Falsethis.wasAlive:False
2024-01-09 23:26:23,287 [8] DEBUG GameManagerClient [(null)] - OnKeepAliveTimeEventTriggered. connected:Falsethis.wasAlive:False
2024-01-09 23:26:23,287 [80] DEBUG GameManagerClient [(null)] - OnKeepAliveTimeEventTriggered. connected:Falsethis.wasAlive:False
2024-01-09 23:26:23,287 [8] DEBUG GameManagerClient [(null)] - OnKeepAliveTimeEventTriggered. connected:Falsethis.wasAlive:False
2024-01-09 23:26:23,287 [80] DEBUG GameManagerClient [(null)] - OnKeepAliveTimeEventTriggered. connected:Falsethis.wasAlive:False
2024-01-09 23:26:23,287 [8] DEBUG GameManagerClient [(null)] - OnKeepAliveTimeEventTriggered. connected:Falsethis.wasAlive:False
2024-01-09 23:26:23,287 [80] DEBUG GameManagerClient [(null)] - OnKeepAliveTimeEventTriggered. connected:Falsethis.wasAlive:False
2024-01-09 23:26:23,287 [8] DEBUG GameManagerClient [(null)] - OnKeepAliveTimeEventTriggered. connected:Falsethis.wasAlive:False
2024-01-09 23:26:23,287 [80] DEBUG GameManagerClient [(null)] - OnKeepAliveTimeEventTriggered. connected:Falsethis.wasAlive:False
2024-01-09 23:26:23,287 [8] DEBUG GameManagerClient [(null)] - OnKeepAliveTimeEventTriggered. connected:Falsethis.wasAlive:False
2024-01-09 23:26:23,287 [80] DEBUG GameManagerClient [(null)] - OnKeepAliveTimeEventTriggered. connected:Falsethis.wasAlive:False
2024-01-09 23:26:23,287 [8] DEBUG GameManagerClient [(null)] - OnKeepAliveTimeEventTriggered. connected:Falsethis.wasAlive:False
2024-01-09 23:26:23,287 [80] DEBUG GameManagerClient [(null)] - OnKeepAliveTimeEventTriggered. connected:Falsethis.wasAlive:False
2024-01-09 23:26:23,287 [8] DEBUG GameManagerClient [(null)] - OnKeepAliveTimeEventTriggered. connected:Falsethis.wasAlive:False
2024-01-09 23:26:23,287 [80] DEBUG GameManagerClient [(null)] - OnKeepAliveTimeEventTriggered. connected:Falsethis.wasAlive:False
2024-01-09 23:26:23,287 [80] DEBUG GameManagerClient [(null)] - OnKeepAliveTimeEventTriggered. connected:Falsethis.wasAlive:False
2024-01-09 23:26:23,287 [80] DEBUG GameManagerClient [(null)] - OnKeepAliveTimeEventTriggered. connected:Falsethis.wasAlive:False
2024-01-09 23:26:26,105 [19] DEBUG GameManagerClient [(null)] - OnKeepAliveTimeEventTriggered. connected:Falsethis.wasAlive:False
2024-01-09 23:26:26,105 [19] DEBUG GameManagerClient [(null)] - OnKeepAliveTimeEventTriggered. connected:Falsethis.wasAlive:False
2024-01-09 23:26:26,105 [19] DEBUG GameManagerClient [(null)] - OnKeepAliveTimeEventTriggered. connected:Falsethis.wasAlive:False
2024-01-09 23:26:26,105 [19] DEBUG GameManagerClient [(null)] - OnKeepAliveTimeEventTriggered. connected:Falsethis.wasAlive:False
2024-01-09 23:26:26,105 [19] DEBUG GameManagerClient [(null)] - OnKeepAliveTimeEventTriggered. connected:Falsethis.wasAlive:False
2024-01-09 23:26:26,105 [19] DEBUG GameManagerClient [(null)] - OnKeepAliveTimeEventTriggered. connected:Falsethis.wasAlive:False
2024-01-09 23:26:26,105 [19] DEBUG GameManagerClient [(null)] - OnKeepAliveTimeEventTriggered. connected:Falsethis.wasAlive:False
2024-01-09 23:26:26,105 [19] DEBUG GameManagerClient [(null)] - OnKeepAliveTimeEventTriggered. connected:Falsethis.wasAlive:False
2024-01-09 23:26:26,105 [19] DEBUG GameManagerClient [(null)] - OnKeepAliveTimeEventsethis.wasAlive:False
2024-01-09 22:59:00,969 [32] DEBUG GameManagerClient [(null)] - OnKeepAliveTimeEventTriggered. connected:Falsethis.wasAlive:False
2024-01-09 22:59:00,969 [32] DEBUG GameManagerClient [(null)] - OnKeepAliveTimeEventTriggered. connected:Falsethis.wasAlive:False
2024-01-09 22:59:00,969 [32] DEBUG GameManagerClient [(null)] - OnKeepAliveTimeEventTriggered. connected:Falsethis.wasAlive:False
2024-01-09 22:59:00,969 [32] DEBUG GameManagerClient [(null)] - OnKeepAliveTimeEventTriggered. connected:Falsethis.wasAlive:False
2024-01-09 22:59:00,969 [32] DEBUG GameManagerClient [(null)] - OnKeepAliveTimeEventTriggered. connected:Falsethis.wasAlive:False
2024-01-09 22:59:00,969 [32] DEBUG GameManagerClient [(null)] - OnKeepAliveTimeEventTriggered. connected:Falsethis.wasAlive:False
2024-01-09 22:59:00,969 [32] DEBUG GameManagerClient [(null)] - OnKeepAliveTimeEventTriggered. connected:Falsethis.wasAlive:False
2024-01-09 22:59:00,969 [32] DEBUG GameManagerClient [(null)] - OnKeepAliveTimeEventTriggered. connected:Falsethis.wasAlive:False
2024-01-09 22:59:00,969 [32] DEBUG GameManagerClient [(null)] - OnKeepAliveTimeEventTriggered. connected:Falsethis.wasAlive:False
2024-01-09 22:59:00,969 [32] DEBUG GameManagerClient [(null)] - OnKeepAliveTimeEventTriggered. connected:Falsethis.wasAlive:False
2024-01-09 22:59:00,969 [32] DEBUG GameManagerClient [(null)] - OnKeepAliveTimeEventTriggered. connected:Falsethis.wasAlive:False
2024-01-09 22:59:00,969 [32] DEBUG GameManagerClient [(null)] - OnKeepAliveTimeEventTriggered. connected:Falsethis.wasAlive:False
2024-01-09 22:59:00,969 [32] DEBUG GameManagerClient [(null)] - OnKeepAliveTimeEventTriggered. connected:Falsethis.wasAlive:False
2024-01-09 22:59:00,969 [32] DEBUG GameManagerClient [(null)] - OnKeepAliveTimeEventTriggered. connected:Falsethis.wasAlive:False
2024-01-09 22:59:02,708 [96] DEBUG GameManagerClient [(null)] - OnKeepAliveTimeEventTriggered. connected:Falsethis.wasAlive:False
2024-01-09 22:59:02,708 [96] DEBUG GameManagerClient [(null)] - OnKeepAliveTimeEventTriggered. connected:Falsethis.wasAlive:False
2024-01-09 22:59:02,708 [96] DEBUG GameManagerClient [(null)] - OnKeepAliveTimeEventTriggered. connected:Falsethis.wasAlive:False
2024-01-09 22:59:02,708 [96] DEBUG GameManagerClient [(null)] - OnKeepAliveTimeEventTriggered. connected:Falsethis.wasAlive:False
2024-01-09 22:59:02,708 [96] DEBUG GameManagerClient [(null)] - OnKeepAliveTimeEventTriggered. connected:Falsethis.wasAlive:False
2024-01-09 22:59:02,708 [96] DEBUG GameManagerClient [(null)] - OnKeepAliveTimeEventTriggered. connected:Falsethis.wasAlive:False
2024-01-09 22:59:02,708 [96] DEBUG GameManagerClient [(null)] - OnKeepAliveTimeEventTriggered. connected:Falsethis.wasAlive:False
2024-01-09 22:59:02,708 [96] DEBUG GameManagerClient [(null)] - OnKeepAliveTimeEventTriggered. connected:Falsethis.wasAlive:False
2024-01-09 22:59:02,708 [96] DEBUG GameManagerClient [(null)] - OnKeepAliveTimeEventTriggered. connected:Falsethis.wasAlive:False
2024-01-09 22:59:02,708 [96] DEBUG GameManagerClient [(null)] - OnKeepAliveTimeEventTriggered. connected:Falsethis.wasAlive:False
2024-01-09 22:59:02,708 [96] DEBUG GameManagerClient [(null)] - OnKeepAliveTimeEventTriggered. connected:Falsethis.wasAlive:False
2024-01-09 22:59:02,708 [96] DEBUG GameManagerClient [(null)] - OnKeepAliveTimeEventTriggered. connected:Falsethis.wasAlive:False
2024-01-09 22:59:02,708 [96] DEBUG GameManagerClient [(null)] - OnKeepAliveTimeEventTriggered. connected:Falsethis.wasAlive:False
2024-01-09 22:59:02,708 [96] DEBUG GameManagerClient [(null)] - OnKeepAliveTimeEventTriggered. connected:Falsethis.wasAlive:False
2024-01-09 22:59:02,708 [96] DEBUG GameManagerClient [(null)] - OnKeepAliveTimeEventTriggered. connected:Falsethis.wasAlive:False
2024-01-09 22:59:02,708 [96] DEBUG GameManagerClient [(null)] - OnKeepAliveTimeEventTriggered. connected:Falsethis.wasAlive:False
2024-01-09 22:59:02,708 [96] DEBUG GameManagerClient [(null)] - OnKeepAliveTimeEventTriggered. connected:Falsethis.wasAlive:False
2024-01-09 2] DEBUG GameManagerClient [(null)] - OnKeepAliveTimeEventTriggered. connected:Falsethis.wasAlive:False
2024-01-09 22:57:21,488 [25] DEBUG GameManagerClient [(null)] - OnKeepAliveTimeEventTriggered. connected:Falsethis.wasAlive:False
2024-01-09 22:57:21,488 [73] DEBUG GameManagerClient [(null)] - OnKeepAliveTimeEventTriggered. connected:Falsethis.wasAlive:False
2024-01-09 22:57:21,488 [25] DEBUG GameManagerClient [(null)] - OnKeepAliveTimeEventTriggered. connected:Falsethis.wasAlive:False
2024-01-09 22:57:21,488 [73] DEBUG GameManagerClient [(null)] - OnKeepAliveTimeEventTriggered. connected:Falsethis.wasAlive:False
2024-01-09 22:57:21,488 [25] DEBUG GameManagerClient [(null)] - OnKeepAliveTimeEventTriggered. connected:Falsethis.wasAlive:False
2024-01-09 22:57:21,488 [73] DEBUG GameManagerClient [(null)] - OnKeepAliveTimeEventTriggered. connected:Falsethis.wasAlive:False
2024-01-09 22:57:21,488 [73] DEBUG GameManagerClient [(null)] - OnKeepAliveTimeEventTriggered. connected:Falsethis.wasAlive:False
2024-01-09 22:57:21,488 [